
Xvnc TigerVNC 1.11.0 - built 2022-01-26 17:59
Copyright (C) 1999-2020 TigerVNC Team and many others (see README.rst)
See https://www.tigervnc.org for information on TigerVNC.
Underlying X server release 12011000, The X.Org Foundation


Thu Jun  1 15:01:31 2023
 vncext:      VNC extension running!
 vncext:      Listening for VNC connections on local interface(s), port 5902
 vncext:      created VNC server for screen 0
3NI3X0 New Xtigervnc server 'raspberrypi:2 (pi)' on port 5902 for display :2.
3NI3X0 Use xtigervncviewer -SecurityTypes VncAuth -passwd /home/pi/.vnc/passwd :2 to connect to the VNC server.
/usr/bin/xterm: fatal IO error 11 (Resource temporarily unavailable) or KillClient on X server ":2"

Thu Jun  1 15:11:19 2023
 ComparingUpdateTracker: 0 pixels in / 0 pixels out
 ComparingUpdateTracker: (1:nan ratio)
The X session exited with status 84!
Killing Xtigervnc process ID 2188... success!

Xvnc TigerVNC 1.11.0 - built 2022-01-26 17:59
Copyright (C) 1999-2020 TigerVNC Team and many others (see README.rst)
See https://www.tigervnc.org for information on TigerVNC.
Underlying X server release 12011000, The X.Org Foundation


Thu Jun  1 15:11:36 2023
 vncext:      VNC extension running!
 vncext:      Listening for VNC connections on local interface(s), port 5902
 vncext:      created VNC server for screen 0
3NI3X0 New Xtigervnc server 'raspberrypi:2 (pi)' on port 5902 for display :2.
3NI3X0 Use xtigervncviewer -SecurityTypes VncAuth -passwd /home/pi/.vnc/passwd :2 to connect to the VNC server.
Can't exec "/home/pi/.vnc/xstartup": Permission denied at /usr/share/perl5/TigerVNC/Wrapper.pm line 1073.
 ComparingUpdateTracker: 0 pixels in / 0 pixels out
 ComparingUpdateTracker: (1:nan ratio)
